[debug] [2022-11-27T13:30:17.103Z] ----------------------------------------------------------------------
[debug] [2022-11-27T13:30:17.103Z] Command:       /usr/local/bin/node /usr/local/bin/firebase serve
[debug] [2022-11-27T13:30:17.104Z] CLI Version:   11.16.1
[debug] [2022-11-27T13:30:17.104Z] Platform:      darwin
[debug] [2022-11-27T13:30:17.104Z] Node Version:  v16.18.0
[debug] [2022-11-27T13:30:17.105Z] Time:          Sun Nov 27 2022 13:30:17 GMT+0000 (Greenwich Mean Time)
[debug] [2022-11-27T13:30:17.105Z] ----------------------------------------------------------------------
[debug] 
[debug] [2022-11-27T13:30:17.141Z] > command requires scopes: ["email","openid","https://www.googleapis.com/auth/cloudplatformprojects.readonly","https://www.googleapis.com/auth/firebase","https://www.googleapis.com/auth/cloud-platform"]
[debug] [2022-11-27T13:30:17.141Z] > authorizing via signed-in user (ewaannadwornik@gmail.com)
[debug] [2022-11-27T13:30:17.141Z] [iam] checking project no-future-c6f84 for permissions ["firebase.projects.get"]
[debug] [2022-11-27T13:30:17.142Z] > refreshing access token with scopes: []
[debug] [2022-11-27T13:30:17.143Z] >>> [apiv2][query] POST https://www.googleapis.com/oauth2/v3/token [none]
[debug] [2022-11-27T13:30:17.143Z] >>> [apiv2][body] POST https://www.googleapis.com/oauth2/v3/token [omitted]
[debug] [2022-11-27T13:30:17.368Z] <<< [apiv2][status] POST https://www.googleapis.com/oauth2/v3/token 200
[debug] [2022-11-27T13:30:17.368Z] <<< [apiv2][body] POST https://www.googleapis.com/oauth2/v3/token [omitted]
[debug] [2022-11-27T13:30:17.391Z] >>> [apiv2][query] POST https://cloudresourcemanager.googleapis.com/v1/projects/no-future-c6f84:testIamPermissions [none]
[debug] [2022-11-27T13:30:17.391Z] >>> [apiv2][(partial)header] POST https://cloudresourcemanager.googleapis.com/v1/projects/no-future-c6f84:testIamPermissions x-goog-quota-user=projects/no-future-c6f84
[debug] [2022-11-27T13:30:17.391Z] >>> [apiv2][body] POST https://cloudresourcemanager.googleapis.com/v1/projects/no-future-c6f84:testIamPermissions {"permissions":["firebase.projects.get"]}
[debug] [2022-11-27T13:30:18.166Z] <<< [apiv2][status] POST https://cloudresourcemanager.googleapis.com/v1/projects/no-future-c6f84:testIamPermissions 200
[debug] [2022-11-27T13:30:18.166Z] <<< [apiv2][body] POST https://cloudresourcemanager.googleapis.com/v1/projects/no-future-c6f84:testIamPermissions {"permissions":["firebase.projects.get"]}
[debug] [2022-11-27T13:30:18.168Z] >>> [apiv2][query] GET https://firebase.googleapis.com/v1beta1/projects/no-future-c6f84 [none]
[debug] [2022-11-27T13:30:18.505Z] <<< [apiv2][status] GET https://firebase.googleapis.com/v1beta1/projects/no-future-c6f84 200
[debug] [2022-11-27T13:30:18.506Z] <<< [apiv2][body] GET https://firebase.googleapis.com/v1beta1/projects/no-future-c6f84 {"projectId":"no-future-c6f84","projectNumber":"312683072992","displayName":"No Future","name":"projects/no-future-c6f84","resources":{"hostingSite":"no-future-c6f84","realtimeDatabaseInstance":"no-future-c6f84-default-rtdb"},"state":"ACTIVE","etag":"1_f926e74b-a6d5-4386-af19-48e17f39c35d"}
[info] 
[info] === Serving from '/Users/ewok/Desktop/no-future-shop'...
[info] 
[debug] [2022-11-27T13:30:18.511Z] >>> [apiv2][query] GET https://firebasehosting.googleapis.com/v1beta1/projects/no-future-c6f84/sites 
[debug] [2022-11-27T13:30:19.476Z] <<< [apiv2][status] GET https://firebasehosting.googleapis.com/v1beta1/projects/no-future-c6f84/sites 200
[debug] [2022-11-27T13:30:19.476Z] <<< [apiv2][body] GET https://firebasehosting.googleapis.com/v1beta1/projects/no-future-c6f84/sites {"sites":[{"name":"projects/no-future-c6f84/sites/no-future-c6f84","defaultUrl":"https://no-future-c6f84.web.app","appId":"1:312683072992:web:b587da428536de3b00ef85","type":"DEFAULT_SITE"}]}
[debug] [2022-11-27T13:30:19.477Z] >>> [apiv2][query] GET https://firebase.googleapis.com/v1beta1/projects/no-future-c6f84/webApps/1:312683072992:web:b587da428536de3b00ef85/config [none]
[debug] [2022-11-27T13:30:20.424Z] <<< [apiv2][status] GET https://firebase.googleapis.com/v1beta1/projects/no-future-c6f84/webApps/1:312683072992:web:b587da428536de3b00ef85/config 200
[debug] [2022-11-27T13:30:20.424Z] <<< [apiv2][body] GET https://firebase.googleapis.com/v1beta1/projects/no-future-c6f84/webApps/1:312683072992:web:b587da428536de3b00ef85/config {"projectId":"no-future-c6f84","appId":"1:312683072992:web:b587da428536de3b00ef85","databaseURL":"https://no-future-c6f84-default-rtdb.firebaseio.com","storageBucket":"no-future-c6f84.appspot.com","apiKey":"AIzaSyCPAFFIzE2rCtcaRV2KZPIrtQwqFN4wsog","authDomain":"no-future-c6f84.firebaseapp.com","messagingSenderId":"312683072992","measurementId":"G-ZXM808NVTY"}
[debug] [2022-11-27T13:30:20.431Z] >>> [apiv2][query] GET https://firebase.googleapis.com/v1beta1/projects/no-future-c6f84 [none]
[debug] [2022-11-27T13:30:20.748Z] <<< [apiv2][status] GET https://firebase.googleapis.com/v1beta1/projects/no-future-c6f84 200
[debug] [2022-11-27T13:30:20.749Z] <<< [apiv2][body] GET https://firebase.googleapis.com/v1beta1/projects/no-future-c6f84 {"projectId":"no-future-c6f84","projectNumber":"312683072992","displayName":"No Future","name":"projects/no-future-c6f84","resources":{"hostingSite":"no-future-c6f84","realtimeDatabaseInstance":"no-future-c6f84-default-rtdb"},"state":"ACTIVE","etag":"1_f926e74b-a6d5-4386-af19-48e17f39c35d"}
[info] i  hosting[no-future-c6f84]: Serving hosting files from: yes {"metadata":{"emulator":{"name":"hosting"},"message":"Serving hosting files from: \u001b[1myes\u001b[22m"}}
[info] ✔  hosting[no-future-c6f84]: Local server: http://localhost:5002 {"metadata":{"emulator":{"name":"hosting"},"message":"Local server: \u001b[4m\u001b[1mhttp://localhost:5002\u001b[22m\u001b[24m"}}
[info] i  hosting: 127.0.0.1 - - [27/Nov/2022:13:30:22 +0000] "GET / HTTP/1.1" 200 - "-" "Mozilla/5.0 (Macintosh; Intel Mac OS X 10_15_7) AppleWebKit/605.1.15 (KHTML, like Gecko) Version/16.1 Safari/605.1.15" {"metadata":{"emulator":{"name":"hosting"},"message":"127.0.0.1 - - [27/Nov/2022:13:30:22 +0000] \"GET / HTTP/1.1\" 200 - \"-\" \"Mozilla/5.0 (Macintosh; Intel Mac OS X 10_15_7) AppleWebKit/605.1.15 (KHTML, like Gecko) Version/16.1 Safari/605.1.15\""}}
[info] i  hosting: 127.0.0.1 - - [27/Nov/2022:13:30:22 +0000] "GET /__/firebase/init.js?useEmulator=true HTTP/1.1" 200 - "http://localhost:5002/" "Mozilla/5.0 (Macintosh; Intel Mac OS X 10_15_7) AppleWebKit/605.1.15 (KHTML, like Gecko) Version/16.1 Safari/605.1.15" {"metadata":{"emulator":{"name":"hosting"},"message":"127.0.0.1 - - [27/Nov/2022:13:30:22 +0000] \"GET /__/firebase/init.js?useEmulator=true HTTP/1.1\" 200 - \"http://localhost:5002/\" \"Mozilla/5.0 (Macintosh; Intel Mac OS X 10_15_7) AppleWebKit/605.1.15 (KHTML, like Gecko) Version/16.1 Safari/605.1.15\""}}
